{
  "RSpec": {
    "coverage": {
      "/Users/ericchon/turing/2mod/final/tournament_of_champions_m1/spec/features/competition/show_spec.rb": {
        "lines": [
          1,
          null,
          1,
          null,
          5,
          5,
          null,
          5,
          5,
          5,
          null,
          5,
          5,
          5,
          null,
          5,
          5,
          5,
          null,
          null,
          1,
          1,
          1,
          1,
          1,
          null,
          null,
          1,
          null,
          1,
          1,
          1,
          1,
          1,
          1,
          null,
          null,
          1,
          1,
          1,
          1,
          null,
          null,
          1,
          1,
          1,
          1,
          null,
          null
        ]
      },
      "/Users/ericchon/turing/2mod/final/tournament_of_champions_m1/spec/features/team/index_spec.rb": {
        "lines": [
          1,
          null,
          1,
          3,
          3,
          null,
          3,
          3,
          3,
          null,
          3,
          3,
          3,
          null,
          3,
          3,
          3,
          null,
          1,
          1,
          1,
          1,
          null,
          null,
          1,
          1,
          1,
          1,
          null,
          null
        ]
      },
      "/Users/ericchon/turing/2mod/final/tournament_of_champions_m1/spec/features/team/new_spec.rb": {
        "lines": [
          1,
          null,
          1,
          2,
          2,
          null,
          2,
          2,
          2,
          null,
          2,
          2,
          2,
          null,
          2,
          2,
          2,
          null,
          null,
          1,
          1,
          1,
          1,
          1,
          1,
          1,
          1,
          null,
          null
        ]
      },
      "/Users/ericchon/turing/2mod/final/tournament_of_champions_m1/app/models/competition.rb": {
        "lines": [
          1,
          1,
          1,
          null
        ]
      },
      "/Users/ericchon/turing/2mod/final/tournament_of_champions_m1/app/models/application_record.rb": {
        "lines": [
          1,
          1,
          null
        ]
      },
      "/Users/ericchon/turing/2mod/final/tournament_of_champions_m1/app/controllers/competitions_controller.rb": {
        "lines": [
          1,
          null,
          1,
          3,
          null,
          null,
          1,
          6,
          null,
          null
        ]
      },
      "/Users/ericchon/turing/2mod/final/tournament_of_champions_m1/app/controllers/application_controller.rb": {
        "lines": [
          1,
          null
        ]
      },
      "/Users/ericchon/turing/2mod/final/tournament_of_champions_m1/app/models/competition_team.rb": {
        "lines": [
          1,
          1,
          1,
          null
        ]
      },
      "/Users/ericchon/turing/2mod/final/tournament_of_champions_m1/app/models/team.rb": {
        "lines": [
          1,
          1,
          1,
          1,
          null,
          1,
          19,
          null,
          null,
          null,
          null,
          1,
          null,
          2,
          null,
          null,
          null,
          null,
          null,
          null,
          null,
          null,
          null
        ]
      },
      "/Users/ericchon/turing/2mod/final/tournament_of_champions_m1/app/models/player.rb": {
        "lines": [
          1,
          1,
          null
        ]
      },
      "/Users/ericchon/turing/2mod/final/tournament_of_champions_m1/app/controllers/teams_controller.rb": {
        "lines": [
          1,
          null,
          1,
          2,
          null,
          null,
          1,
          2,
          null,
          null,
          1,
          1,
          1,
          1,
          null,
          null
        ]
      }
    },
    "timestamp": 1642530948
  }
}
